mode: atomic
github.com/Cheasezz/balanceSrvc/cmd/balanceSrvc/main.go:13.13,33.2 10 0
github.com/Cheasezz/balanceSrvc/internal/app/app.go:21.52,26.16 4 0
github.com/Cheasezz/balanceSrvc/internal/app/app.go:26.16,28.29 2 0
github.com/Cheasezz/balanceSrvc/internal/app/app.go:31.2,34.16 3 0
github.com/Cheasezz/balanceSrvc/internal/app/app.go:34.16,36.46 2 0
github.com/Cheasezz/balanceSrvc/internal/app/app.go:39.2,40.16 2 0
github.com/Cheasezz/balanceSrvc/internal/app/app.go:40.16,42.51 2 0
github.com/Cheasezz/balanceSrvc/internal/app/app.go:45.2,49.45 3 0
github.com/Cheasezz/balanceSrvc/internal/app/app.go:52.23,61.2 6 0
github.com/Cheasezz/balanceSrvc/internal/app/grpc/app.go:22.72,32.2 3 0
github.com/Cheasezz/balanceSrvc/internal/app/grpc/app.go:34.25,35.32 1 0
github.com/Cheasezz/balanceSrvc/internal/app/grpc/app.go:35.32,36.13 1 0
github.com/Cheasezz/balanceSrvc/internal/app/grpc/app.go:40.27,45.16 4 0
github.com/Cheasezz/balanceSrvc/internal/app/grpc/app.go:45.16,47.3 1 0
github.com/Cheasezz/balanceSrvc/internal/app/grpc/app.go:49.2,51.41 2 0
github.com/Cheasezz/balanceSrvc/internal/app/grpc/app.go:51.41,53.3 1 0
github.com/Cheasezz/balanceSrvc/internal/app/grpc/app.go:55.2,55.12 1 0
github.com/Cheasezz/balanceSrvc/internal/app/grpc/app.go:58.76,61.12 2 0
github.com/Cheasezz/balanceSrvc/internal/app/grpc/app.go:61.12,62.45 1 0
github.com/Cheasezz/balanceSrvc/internal/app/grpc/app.go:62.45,63.14 1 0
github.com/Cheasezz/balanceSrvc/internal/app/grpc/app.go:67.2,67.63 1 0
github.com/Cheasezz/balanceSrvc/internal/app/grpc/app.go:67.63,69.3 1 0
github.com/Cheasezz/balanceSrvc/internal/app/grpc/app.go:71.2,71.18 1 0
github.com/Cheasezz/balanceSrvc/internal/app/grpc/app.go:74.23,76.2 1 0
github.com/Cheasezz/balanceSrvc/internal/app/trxTypeRegistry/pbEnumMap.go:18.32,23.35 3 0
github.com/Cheasezz/balanceSrvc/internal/app/trxTypeRegistry/pbEnumMap.go:23.35,24.15 1 0
github.com/Cheasezz/balanceSrvc/internal/app/trxTypeRegistry/pbEnumMap.go:24.15,25.12 1 0
github.com/Cheasezz/balanceSrvc/internal/app/trxTypeRegistry/pbEnumMap.go:28.3,31.10 3 0
github.com/Cheasezz/balanceSrvc/internal/app/trxTypeRegistry/pbEnumMap.go:31.10,33.4 1 0
github.com/Cheasezz/balanceSrvc/internal/app/trxTypeRegistry/pbEnumMap.go:34.3,34.21 1 0
github.com/Cheasezz/balanceSrvc/internal/app/trxTypeRegistry/pbEnumMap.go:36.2,36.17 1 0
github.com/Cheasezz/balanceSrvc/internal/app/trxTypeRegistry/registry.go:29.64,35.16 2 0
github.com/Cheasezz/balanceSrvc/internal/app/trxTypeRegistry/registry.go:35.16,37.3 1 0
github.com/Cheasezz/balanceSrvc/internal/app/trxTypeRegistry/registry.go:39.2,44.16 2 0
github.com/Cheasezz/balanceSrvc/internal/app/trxTypeRegistry/registry.go:44.16,46.3 1 0
github.com/Cheasezz/balanceSrvc/internal/app/trxTypeRegistry/registry.go:48.2,53.16 2 0
github.com/Cheasezz/balanceSrvc/internal/app/trxTypeRegistry/registry.go:53.16,55.3 1 0
github.com/Cheasezz/balanceSrvc/internal/app/trxTypeRegistry/registry.go:57.2,57.79 1 0
github.com/Cheasezz/balanceSrvc/internal/app/trxTypeRegistry/registry.go:60.80,64.9 3 0
github.com/Cheasezz/balanceSrvc/internal/app/trxTypeRegistry/registry.go:64.9,66.3 1 0
github.com/Cheasezz/balanceSrvc/internal/app/trxTypeRegistry/registry.go:68.2,68.18 1 0
github.com/Cheasezz/balanceSrvc/internal/app/trxTypeRegistry/registry.go:71.84,75.9 3 0
github.com/Cheasezz/balanceSrvc/internal/app/trxTypeRegistry/registry.go:75.9,77.3 1 0
github.com/Cheasezz/balanceSrvc/internal/app/trxTypeRegistry/registry.go:79.2,79.18 1 0
github.com/Cheasezz/balanceSrvc/internal/app/trxTypeRegistry/registry.go:82.72,86.9 3 0
github.com/Cheasezz/balanceSrvc/internal/app/trxTypeRegistry/registry.go:86.9,88.3 1 0
github.com/Cheasezz/balanceSrvc/internal/app/trxTypeRegistry/registry.go:90.2,90.18 1 0
github.com/Cheasezz/balanceSrvc/internal/app/trxTypeRegistry/registryMock.go:13.84,16.2 2 0
github.com/Cheasezz/balanceSrvc/internal/app/trxTypeRegistry/registryMock.go:18.88,21.2 2 0
github.com/Cheasezz/balanceSrvc/internal/app/trxTypeRegistry/registryMock.go:23.76,26.2 2 0
github.com/Cheasezz/balanceSrvc/internal/config/config.go:26.25,28.16 2 0
github.com/Cheasezz/balanceSrvc/internal/config/config.go:28.16,29.32 1 0
github.com/Cheasezz/balanceSrvc/internal/config/config.go:32.2,32.29 1 0
github.com/Cheasezz/balanceSrvc/internal/config/config.go:35.42,36.49 1 0
github.com/Cheasezz/balanceSrvc/internal/config/config.go:36.49,37.47 1 0
github.com/Cheasezz/balanceSrvc/internal/config/config.go:40.2,42.56 2 0
github.com/Cheasezz/balanceSrvc/internal/config/config.go:42.56,43.49 1 0
github.com/Cheasezz/balanceSrvc/internal/config/config.go:45.2,45.13 1 0
github.com/Cheasezz/balanceSrvc/internal/config/config.go:50.31,56.19 4 0
github.com/Cheasezz/balanceSrvc/internal/config/config.go:56.19,58.3 1 0
github.com/Cheasezz/balanceSrvc/internal/config/config.go:60.2,60.16 1 0
github.com/Cheasezz/balanceSrvc/internal/core/transaciton.go:35.98,37.16 2 0
github.com/Cheasezz/balanceSrvc/internal/core/transaciton.go:37.16,39.3 1 0
github.com/Cheasezz/balanceSrvc/internal/core/transaciton.go:41.2,45.8 1 0
github.com/Cheasezz/balanceSrvc/internal/core/transaciton.go:48.100,50.16 2 0
github.com/Cheasezz/balanceSrvc/internal/core/transaciton.go:50.16,52.3 1 0
github.com/Cheasezz/balanceSrvc/internal/core/transaciton.go:54.2,58.8 1 0
github.com/Cheasezz/balanceSrvc/internal/core/transaciton.go:61.107,63.16 2 0
github.com/Cheasezz/balanceSrvc/internal/core/transaciton.go:63.16,65.3 1 0
github.com/Cheasezz/balanceSrvc/internal/core/transaciton.go:67.2,72.8 1 0
github.com/Cheasezz/balanceSrvc/internal/core/transaciton.go:75.72,76.21 1 0
github.com/Cheasezz/balanceSrvc/internal/core/transaciton.go:76.21,78.3 1 0
github.com/Cheasezz/balanceSrvc/internal/core/transaciton.go:80.2,80.34 1 0
github.com/Cheasezz/balanceSrvc/internal/core/transaciton.go:80.34,82.3 1 0
github.com/Cheasezz/balanceSrvc/internal/core/transaciton.go:84.2,84.24 1 0
github.com/Cheasezz/balanceSrvc/internal/core/transaciton.go:84.24,86.3 1 0
github.com/Cheasezz/balanceSrvc/internal/core/transaciton.go:88.2,88.17 1 0
github.com/Cheasezz/balanceSrvc/internal/core/transaciton.go:88.17,90.3 1 0
github.com/Cheasezz/balanceSrvc/internal/core/transaciton.go:91.2,91.12 1 0
github.com/Cheasezz/balanceSrvc/internal/core/transaciton.go:94.83,95.21 1 0
github.com/Cheasezz/balanceSrvc/internal/core/transaciton.go:95.21,97.3 1 0
github.com/Cheasezz/balanceSrvc/internal/core/transaciton.go:99.2,99.32 1 0
github.com/Cheasezz/balanceSrvc/internal/core/transaciton.go:99.32,101.3 1 0
github.com/Cheasezz/balanceSrvc/internal/core/transaciton.go:103.2,103.49 1 0
github.com/Cheasezz/balanceSrvc/internal/core/transaciton.go:103.49,105.3 1 0
github.com/Cheasezz/balanceSrvc/internal/core/transaciton.go:107.2,107.25 1 0
github.com/Cheasezz/balanceSrvc/internal/core/transaciton.go:107.25,109.3 1 0
github.com/Cheasezz/balanceSrvc/internal/core/transaciton.go:111.2,111.17 1 0
github.com/Cheasezz/balanceSrvc/internal/core/transaciton.go:111.17,113.3 1 0
github.com/Cheasezz/balanceSrvc/internal/core/transaciton.go:114.2,114.12 1 0
github.com/Cheasezz/balanceSrvc/internal/repo/repo.go:40.30,46.2 1 0
github.com/Cheasezz/balanceSrvc/internal/repo/system.go:15.46,17.2 1 0
github.com/Cheasezz/balanceSrvc/internal/repo/system.go:19.86,23.16 3 0
github.com/Cheasezz/balanceSrvc/internal/repo/system.go:23.16,25.3 1 0
github.com/Cheasezz/balanceSrvc/internal/repo/system.go:26.2,33.16 4 0
github.com/Cheasezz/balanceSrvc/internal/repo/system.go:33.16,35.3 1 0
github.com/Cheasezz/balanceSrvc/internal/repo/system.go:37.2,41.16 3 0
github.com/Cheasezz/balanceSrvc/internal/repo/system.go:41.16,43.3 1 0
github.com/Cheasezz/balanceSrvc/internal/repo/system.go:45.2,45.38 1 0
github.com/Cheasezz/balanceSrvc/internal/repo/system.go:45.38,47.3 1 0
github.com/Cheasezz/balanceSrvc/internal/repo/system.go:49.2,49.12 1 0
github.com/Cheasezz/balanceSrvc/internal/repo/system.go:52.88,56.16 3 0
github.com/Cheasezz/balanceSrvc/internal/repo/system.go:56.16,58.3 1 0
github.com/Cheasezz/balanceSrvc/internal/repo/system.go:59.2,66.28 4 0
github.com/Cheasezz/balanceSrvc/internal/repo/system.go:66.28,68.3 1 0
github.com/Cheasezz/balanceSrvc/internal/repo/system.go:69.2,69.16 1 0
github.com/Cheasezz/balanceSrvc/internal/repo/system.go:69.16,71.3 1 0
github.com/Cheasezz/balanceSrvc/internal/repo/system.go:73.2,77.16 3 0
github.com/Cheasezz/balanceSrvc/internal/repo/system.go:77.16,79.3 1 0
github.com/Cheasezz/balanceSrvc/internal/repo/system.go:81.2,81.38 1 0
github.com/Cheasezz/balanceSrvc/internal/repo/system.go:81.38,83.3 1 0
github.com/Cheasezz/balanceSrvc/internal/repo/system.go:84.2,84.12 1 0
github.com/Cheasezz/balanceSrvc/internal/repo/systemMock.go:14.90,17.2 2 0
github.com/Cheasezz/balanceSrvc/internal/repo/systemMock.go:19.92,22.2 2 0
github.com/Cheasezz/balanceSrvc/internal/repo/transaction.go:15.40,17.2 1 0
github.com/Cheasezz/balanceSrvc/internal/repo/transaction.go:19.90,25.16 4 0
github.com/Cheasezz/balanceSrvc/internal/repo/transaction.go:25.16,27.3 1 0
github.com/Cheasezz/balanceSrvc/internal/repo/transaction.go:28.2,32.18 3 0
github.com/Cheasezz/balanceSrvc/internal/repo/transaction.go:32.18,34.84 2 0
github.com/Cheasezz/balanceSrvc/internal/repo/transaction.go:34.84,36.4 1 0
github.com/Cheasezz/balanceSrvc/internal/repo/transaction.go:38.3,38.23 1 0
github.com/Cheasezz/balanceSrvc/internal/repo/transaction.go:40.2,40.34 1 0
github.com/Cheasezz/balanceSrvc/internal/repo/transaction.go:40.34,42.3 1 0
github.com/Cheasezz/balanceSrvc/internal/repo/transaction.go:44.2,44.21 1 0
github.com/Cheasezz/balanceSrvc/internal/repo/transactionMock.go:14.94,17.2 2 0
github.com/Cheasezz/balanceSrvc/internal/repo/user.go:15.42,17.2 1 0
github.com/Cheasezz/balanceSrvc/internal/repo/user.go:19.88,23.16 3 0
github.com/Cheasezz/balanceSrvc/internal/repo/user.go:23.16,25.3 1 0
github.com/Cheasezz/balanceSrvc/internal/repo/user.go:26.2,33.28 4 0
github.com/Cheasezz/balanceSrvc/internal/repo/user.go:33.28,35.3 1 0
github.com/Cheasezz/balanceSrvc/internal/repo/user.go:36.2,36.16 1 0
github.com/Cheasezz/balanceSrvc/internal/repo/user.go:36.16,38.3 1 0
github.com/Cheasezz/balanceSrvc/internal/repo/user.go:40.2,45.16 3 0
github.com/Cheasezz/balanceSrvc/internal/repo/user.go:45.16,47.3 1 0
github.com/Cheasezz/balanceSrvc/internal/repo/user.go:49.2,53.16 3 0
github.com/Cheasezz/balanceSrvc/internal/repo/user.go:53.16,55.3 1 0
github.com/Cheasezz/balanceSrvc/internal/repo/user.go:57.2,57.38 1 0
github.com/Cheasezz/balanceSrvc/internal/repo/user.go:57.38,59.3 1 0
github.com/Cheasezz/balanceSrvc/internal/repo/user.go:60.2,60.12 1 0
github.com/Cheasezz/balanceSrvc/internal/repo/userMock.go:14.92,17.2 2 0
github.com/Cheasezz/balanceSrvc/internal/grpc/handlers.go:32.83,34.21 2 0
github.com/Cheasezz/balanceSrvc/internal/grpc/handlers.go:34.21,36.3 1 0
github.com/Cheasezz/balanceSrvc/internal/grpc/handlers.go:42.34,43.27 1 0
github.com/Cheasezz/balanceSrvc/internal/grpc/system.go:17.36,20.16 2 6
github.com/Cheasezz/balanceSrvc/internal/grpc/system.go:20.16,22.3 1 1
github.com/Cheasezz/balanceSrvc/internal/grpc/system.go:24.2,24.26 1 5
github.com/Cheasezz/balanceSrvc/internal/grpc/system.go:24.26,26.3 1 1
github.com/Cheasezz/balanceSrvc/internal/grpc/system.go:28.2,29.16 2 4
github.com/Cheasezz/balanceSrvc/internal/grpc/system.go:29.16,30.10 1 3
github.com/Cheasezz/balanceSrvc/internal/grpc/system.go:31.51,32.64 1 1
github.com/Cheasezz/balanceSrvc/internal/grpc/system.go:33.57,34.64 1 1
github.com/Cheasezz/balanceSrvc/internal/grpc/system.go:35.11,36.71 1 1
github.com/Cheasezz/balanceSrvc/internal/grpc/system.go:40.2,40.39 1 1
github.com/Cheasezz/balanceSrvc/internal/grpc/system.go:46.36,49.16 2 7
github.com/Cheasezz/balanceSrvc/internal/grpc/system.go:49.16,51.3 1 1
github.com/Cheasezz/balanceSrvc/internal/grpc/system.go:53.2,53.26 1 6
github.com/Cheasezz/balanceSrvc/internal/grpc/system.go:53.26,55.3 1 1
github.com/Cheasezz/balanceSrvc/internal/grpc/system.go:57.2,58.16 2 5
github.com/Cheasezz/balanceSrvc/internal/grpc/system.go:58.16,59.10 1 4
github.com/Cheasezz/balanceSrvc/internal/grpc/system.go:60.53,61.64 1 1
github.com/Cheasezz/balanceSrvc/internal/grpc/system.go:62.57,63.64 1 1
github.com/Cheasezz/balanceSrvc/internal/grpc/system.go:64.49,65.64 1 1
github.com/Cheasezz/balanceSrvc/internal/grpc/system.go:66.11,67.71 1 1
github.com/Cheasezz/balanceSrvc/internal/grpc/system.go:71.2,71.39 1 1
github.com/Cheasezz/balanceSrvc/internal/grpc/user.go:17.34,19.16 2 0
github.com/Cheasezz/balanceSrvc/internal/grpc/user.go:19.16,21.3 1 0
github.com/Cheasezz/balanceSrvc/internal/grpc/user.go:22.2,23.16 2 0
github.com/Cheasezz/balanceSrvc/internal/grpc/user.go:23.16,25.3 1 0
github.com/Cheasezz/balanceSrvc/internal/grpc/user.go:27.2,27.26 1 0
github.com/Cheasezz/balanceSrvc/internal/grpc/user.go:27.26,29.3 1 0
github.com/Cheasezz/balanceSrvc/internal/grpc/user.go:31.2,32.16 2 0
github.com/Cheasezz/balanceSrvc/internal/grpc/user.go:32.16,33.10 1 0
github.com/Cheasezz/balanceSrvc/internal/grpc/user.go:34.46,35.64 1 0
github.com/Cheasezz/balanceSrvc/internal/grpc/user.go:36.55,37.64 1 0
github.com/Cheasezz/balanceSrvc/internal/grpc/user.go:38.49,39.64 1 0
github.com/Cheasezz/balanceSrvc/internal/grpc/user.go:40.43,41.64 1 0
github.com/Cheasezz/balanceSrvc/internal/grpc/user.go:42.11,43.71 1 0
github.com/Cheasezz/balanceSrvc/internal/grpc/user.go:47.2,47.37 1 0
github.com/Cheasezz/balanceSrvc/internal/service/service.go:55.71,60.2 1 0
github.com/Cheasezz/balanceSrvc/internal/service/system.go:27.84,29.2 1 2
github.com/Cheasezz/balanceSrvc/internal/service/system.go:36.9,42.16 4 8
github.com/Cheasezz/balanceSrvc/internal/service/system.go:42.16,45.60 2 2
github.com/Cheasezz/balanceSrvc/internal/service/system.go:45.60,47.4 1 2
github.com/Cheasezz/balanceSrvc/internal/service/system.go:49.3,49.13 1 0
github.com/Cheasezz/balanceSrvc/internal/service/system.go:52.2,53.16 2 6
github.com/Cheasezz/balanceSrvc/internal/service/system.go:53.16,55.43 2 5
github.com/Cheasezz/balanceSrvc/internal/service/system.go:55.43,57.4 1 5
github.com/Cheasezz/balanceSrvc/internal/service/system.go:58.3,58.13 1 0
github.com/Cheasezz/balanceSrvc/internal/service/system.go:61.2,62.16 2 1
github.com/Cheasezz/balanceSrvc/internal/service/system.go:62.16,65.3 2 0
github.com/Cheasezz/balanceSrvc/internal/service/system.go:67.2,67.12 1 1
github.com/Cheasezz/balanceSrvc/internal/service/system.go:75.9,81.16 4 9
github.com/Cheasezz/balanceSrvc/internal/service/system.go:81.16,84.62 2 8
github.com/Cheasezz/balanceSrvc/internal/service/system.go:84.62,86.4 1 8
github.com/Cheasezz/balanceSrvc/internal/service/system.go:88.3,88.13 1 0
github.com/Cheasezz/balanceSrvc/internal/service/system.go:91.2,92.16 2 1
github.com/Cheasezz/balanceSrvc/internal/service/system.go:92.16,94.43 2 0
github.com/Cheasezz/balanceSrvc/internal/service/system.go:94.43,96.4 1 0
github.com/Cheasezz/balanceSrvc/internal/service/system.go:97.3,97.13 1 0
github.com/Cheasezz/balanceSrvc/internal/service/system.go:100.2,101.16 2 1
github.com/Cheasezz/balanceSrvc/internal/service/system.go:101.16,103.44 2 0
github.com/Cheasezz/balanceSrvc/internal/service/system.go:103.44,105.4 1 0
github.com/Cheasezz/balanceSrvc/internal/service/system.go:106.3,106.13 1 0
github.com/Cheasezz/balanceSrvc/internal/service/system.go:109.2,109.12 1 1
github.com/Cheasezz/balanceSrvc/internal/service/systemMock.go:20.9,24.2 2 0
github.com/Cheasezz/balanceSrvc/internal/service/systemMock.go:31.9,35.2 2 0
github.com/Cheasezz/balanceSrvc/internal/service/user.go:28.80,30.2 1 1
github.com/Cheasezz/balanceSrvc/internal/service/user.go:38.9,44.16 4 8
github.com/Cheasezz/balanceSrvc/internal/service/user.go:44.16,47.58 2 2
github.com/Cheasezz/balanceSrvc/internal/service/user.go:47.58,49.4 1 1
github.com/Cheasezz/balanceSrvc/internal/service/user.go:51.3,51.39 1 1
github.com/Cheasezz/balanceSrvc/internal/service/user.go:54.2,55.16 2 6
github.com/Cheasezz/balanceSrvc/internal/service/user.go:55.16,57.10 2 3
github.com/Cheasezz/balanceSrvc/internal/service/user.go:58.45,59.59 1 1
github.com/Cheasezz/balanceSrvc/internal/service/user.go:60.40,61.47 1 1
github.com/Cheasezz/balanceSrvc/internal/service/user.go:63.3,63.39 1 1
github.com/Cheasezz/balanceSrvc/internal/service/user.go:66.2,67.16 2 3
github.com/Cheasezz/balanceSrvc/internal/service/user.go:67.16,69.44 2 2
github.com/Cheasezz/balanceSrvc/internal/service/user.go:69.44,71.4 1 1
github.com/Cheasezz/balanceSrvc/internal/service/user.go:72.3,72.39 1 1
github.com/Cheasezz/balanceSrvc/internal/service/user.go:74.2,74.12 1 1
github.com/Cheasezz/balanceSrvc/pkg/pgx5/option.go:7.35,8.22 1 0
github.com/Cheasezz/balanceSrvc/pkg/pgx5/option.go:8.22,10.3 1 0
github.com/Cheasezz/balanceSrvc/pkg/pgx5/option.go:13.35,14.22 1 0
github.com/Cheasezz/balanceSrvc/pkg/pgx5/option.go:14.22,16.3 1 0
github.com/Cheasezz/balanceSrvc/pkg/pgx5/option.go:19.40,20.22 1 0
github.com/Cheasezz/balanceSrvc/pkg/pgx5/option.go:20.22,22.3 1 0
github.com/Cheasezz/balanceSrvc/pkg/pgx5/option.go:25.54,26.22 1 0
github.com/Cheasezz/balanceSrvc/pkg/pgx5/option.go:26.22,28.3 1 0
github.com/Cheasezz/balanceSrvc/pkg/pgx5/pgx.go:35.52,46.27 3 0
github.com/Cheasezz/balanceSrvc/pkg/pgx5/pgx.go:46.27,48.3 1 0
github.com/Cheasezz/balanceSrvc/pkg/pgx5/pgx.go:50.2,51.16 2 0
github.com/Cheasezz/balanceSrvc/pkg/pgx5/pgx.go:51.16,53.3 1 0
github.com/Cheasezz/balanceSrvc/pkg/pgx5/pgx.go:55.2,58.26 3 0
github.com/Cheasezz/balanceSrvc/pkg/pgx5/pgx.go:58.26,60.17 2 0
github.com/Cheasezz/balanceSrvc/pkg/pgx5/pgx.go:60.17,61.9 1 0
github.com/Cheasezz/balanceSrvc/pkg/pgx5/pgx.go:64.3,68.20 3 0
github.com/Cheasezz/balanceSrvc/pkg/pgx5/pgx.go:71.2,71.16 1 0
github.com/Cheasezz/balanceSrvc/pkg/pgx5/pgx.go:71.16,73.3 1 0
github.com/Cheasezz/balanceSrvc/pkg/pgx5/pgx.go:75.2,75.58 1 0
github.com/Cheasezz/balanceSrvc/pkg/pgx5/pgx.go:75.58,77.3 1 0
github.com/Cheasezz/balanceSrvc/pkg/pgx5/pgx.go:79.2,81.16 2 0
github.com/Cheasezz/balanceSrvc/pkg/pgx5/pgx.go:84.23,85.19 1 0
github.com/Cheasezz/balanceSrvc/pkg/pgx5/pgx.go:85.19,87.3 1 0
github.com/Cheasezz/balanceSrvc/pkg/logger/logger.go:25.29,28.13 2 0
github.com/Cheasezz/balanceSrvc/pkg/logger/logger.go:29.16,32.4 1 0
github.com/Cheasezz/balanceSrvc/pkg/logger/logger.go:33.15,36.4 1 0
github.com/Cheasezz/balanceSrvc/pkg/logger/logger.go:39.2,39.21 1 0
github.com/Cheasezz/balanceSrvc/pkg/logger/logger.go:42.53,44.2 1 0
github.com/Cheasezz/balanceSrvc/pkg/logger/logger.go:46.52,48.2 1 0
github.com/Cheasezz/balanceSrvc/pkg/logger/logger.go:50.52,52.2 1 0
github.com/Cheasezz/balanceSrvc/pkg/logger/logger.go:54.53,56.2 1 0
github.com/Cheasezz/balanceSrvc/pkg/logger/logger.go:58.45,61.2 1 0
github.com/Cheasezz/balanceSrvc/pkg/logger/loggerMock.go:9.57,11.2 1 0
github.com/Cheasezz/balanceSrvc/pkg/logger/loggerMock.go:13.56,15.2 1 0
github.com/Cheasezz/balanceSrvc/pkg/logger/loggerMock.go:17.56,19.2 1 0
github.com/Cheasezz/balanceSrvc/pkg/logger/loggerMock.go:21.57,23.2 1 0
github.com/Cheasezz/balanceSrvc/pkg/logger/loggerMock.go:25.49,28.2 2 0
github.com/Cheasezz/balanceSrvc/protos/gen/balanceSrvc.pb.go:46.50,50.2 3 0
github.com/Cheasezz/balanceSrvc/protos/gen/balanceSrvc.pb.go:52.42,54.2 1 0
github.com/Cheasezz/balanceSrvc/protos/gen/balanceSrvc.pb.go:56.65,58.2 1 0
github.com/Cheasezz/balanceSrvc/protos/gen/balanceSrvc.pb.go:60.53,62.2 1 0
github.com/Cheasezz/balanceSrvc/protos/gen/balanceSrvc.pb.go:64.59,66.2 1 0
github.com/Cheasezz/balanceSrvc/protos/gen/balanceSrvc.pb.go:69.57,71.2 1 0
github.com/Cheasezz/balanceSrvc/protos/gen/balanceSrvc.pb.go:95.54,99.2 3 0
github.com/Cheasezz/balanceSrvc/protos/gen/balanceSrvc.pb.go:101.44,103.2 1 0
github.com/Cheasezz/balanceSrvc/protos/gen/balanceSrvc.pb.go:105.67,107.2 1 0
github.com/Cheasezz/balanceSrvc/protos/gen/balanceSrvc.pb.go:109.55,111.2 1 0
github.com/Cheasezz/balanceSrvc/protos/gen/balanceSrvc.pb.go:113.61,115.2 1 0
github.com/Cheasezz/balanceSrvc/protos/gen/balanceSrvc.pb.go:118.59,120.2 1 0
github.com/Cheasezz/balanceSrvc/protos/gen/balanceSrvc.pb.go:141.42,145.2 3 0
github.com/Cheasezz/balanceSrvc/protos/gen/balanceSrvc.pb.go:147.38,149.2 1 0
github.com/Cheasezz/balanceSrvc/protos/gen/balanceSrvc.pb.go:151.61,153.2 1 0
github.com/Cheasezz/balanceSrvc/protos/gen/balanceSrvc.pb.go:155.49,157.2 1 0
github.com/Cheasezz/balanceSrvc/protos/gen/balanceSrvc.pb.go:159.55,161.2 1 0
github.com/Cheasezz/balanceSrvc/protos/gen/balanceSrvc.pb.go:164.53,166.2 1 0
github.com/Cheasezz/balanceSrvc/protos/gen/balanceSrvc.pb.go:177.38,182.2 4 0
github.com/Cheasezz/balanceSrvc/protos/gen/balanceSrvc.pb.go:184.46,186.2 1 0
github.com/Cheasezz/balanceSrvc/protos/gen/balanceSrvc.pb.go:188.44,188.45 0 0
github.com/Cheasezz/balanceSrvc/protos/gen/balanceSrvc.pb.go:190.66,192.14 2 0
github.com/Cheasezz/balanceSrvc/protos/gen/balanceSrvc.pb.go:192.14,194.34 2 0
github.com/Cheasezz/balanceSrvc/protos/gen/balanceSrvc.pb.go:194.34,196.4 1 0
github.com/Cheasezz/balanceSrvc/protos/gen/balanceSrvc.pb.go:197.3,197.12 1 0
github.com/Cheasezz/balanceSrvc/protos/gen/balanceSrvc.pb.go:199.2,199.24 1 0
github.com/Cheasezz/balanceSrvc/protos/gen/balanceSrvc.pb.go:203.57,205.2 1 0
github.com/Cheasezz/balanceSrvc/protos/gen/balanceSrvc.pb.go:207.49,208.14 1 0
github.com/Cheasezz/balanceSrvc/protos/gen/balanceSrvc.pb.go:208.14,210.3 1 0
github.com/Cheasezz/balanceSrvc/protos/gen/balanceSrvc.pb.go:211.2,211.11 1 0
github.com/Cheasezz/balanceSrvc/protos/gen/balanceSrvc.pb.go:214.65,215.14 1 0
github.com/Cheasezz/balanceSrvc/protos/gen/balanceSrvc.pb.go:215.14,217.3 1 0
github.com/Cheasezz/balanceSrvc/protos/gen/balanceSrvc.pb.go:218.2,218.51 1 0
github.com/Cheasezz/balanceSrvc/protos/gen/balanceSrvc.pb.go:221.49,222.14 1 0
github.com/Cheasezz/balanceSrvc/protos/gen/balanceSrvc.pb.go:222.14,224.3 1 0
github.com/Cheasezz/balanceSrvc/protos/gen/balanceSrvc.pb.go:225.2,225.10 1 0
github.com/Cheasezz/balanceSrvc/protos/gen/balanceSrvc.pb.go:237.40,242.2 4 0
github.com/Cheasezz/balanceSrvc/protos/gen/balanceSrvc.pb.go:244.48,246.2 1 0
github.com/Cheasezz/balanceSrvc/protos/gen/balanceSrvc.pb.go:248.46,248.47 0 0
github.com/Cheasezz/balanceSrvc/protos/gen/balanceSrvc.pb.go:250.68,252.14 2 0
github.com/Cheasezz/balanceSrvc/protos/gen/balanceSrvc.pb.go:252.14,254.34 2 0
github.com/Cheasezz/balanceSrvc/protos/gen/balanceSrvc.pb.go:254.34,256.4 1 0
github.com/Cheasezz/balanceSrvc/protos/gen/balanceSrvc.pb.go:257.3,257.12 1 0
github.com/Cheasezz/balanceSrvc/protos/gen/balanceSrvc.pb.go:259.2,259.24 1 0
github.com/Cheasezz/balanceSrvc/protos/gen/balanceSrvc.pb.go:263.59,265.2 1 0
github.com/Cheasezz/balanceSrvc/protos/gen/balanceSrvc.pb.go:267.51,268.14 1 0
github.com/Cheasezz/balanceSrvc/protos/gen/balanceSrvc.pb.go:268.14,270.3 1 0
github.com/Cheasezz/balanceSrvc/protos/gen/balanceSrvc.pb.go:271.2,271.11 1 0
github.com/Cheasezz/balanceSrvc/protos/gen/balanceSrvc.pb.go:274.69,275.14 1 0
github.com/Cheasezz/balanceSrvc/protos/gen/balanceSrvc.pb.go:275.14,277.3 1 0
github.com/Cheasezz/balanceSrvc/protos/gen/balanceSrvc.pb.go:278.2,278.55 1 0
github.com/Cheasezz/balanceSrvc/protos/gen/balanceSrvc.pb.go:281.51,282.14 1 0
github.com/Cheasezz/balanceSrvc/protos/gen/balanceSrvc.pb.go:282.14,284.3 1 0
github.com/Cheasezz/balanceSrvc/protos/gen/balanceSrvc.pb.go:285.2,285.10 1 0
github.com/Cheasezz/balanceSrvc/protos/gen/balanceSrvc.pb.go:294.37,299.2 4 0
github.com/Cheasezz/balanceSrvc/protos/gen/balanceSrvc.pb.go:301.45,303.2 1 0
github.com/Cheasezz/balanceSrvc/protos/gen/balanceSrvc.pb.go:305.43,305.44 0 0
github.com/Cheasezz/balanceSrvc/protos/gen/balanceSrvc.pb.go:307.65,309.14 2 0
github.com/Cheasezz/balanceSrvc/protos/gen/balanceSrvc.pb.go:309.14,311.34 2 0
github.com/Cheasezz/balanceSrvc/protos/gen/balanceSrvc.pb.go:311.34,313.4 1 0
github.com/Cheasezz/balanceSrvc/protos/gen/balanceSrvc.pb.go:314.3,314.12 1 0
github.com/Cheasezz/balanceSrvc/protos/gen/balanceSrvc.pb.go:316.2,316.24 1 0
github.com/Cheasezz/balanceSrvc/protos/gen/balanceSrvc.pb.go:320.56,322.2 1 0
github.com/Cheasezz/balanceSrvc/protos/gen/balanceSrvc.pb.go:334.34,339.2 4 0
github.com/Cheasezz/balanceSrvc/protos/gen/balanceSrvc.pb.go:341.42,343.2 1 0
github.com/Cheasezz/balanceSrvc/protos/gen/balanceSrvc.pb.go:345.40,345.41 0 0
github.com/Cheasezz/balanceSrvc/protos/gen/balanceSrvc.pb.go:347.62,349.14 2 0
github.com/Cheasezz/balanceSrvc/protos/gen/balanceSrvc.pb.go:349.14,351.34 2 0
github.com/Cheasezz/balanceSrvc/protos/gen/balanceSrvc.pb.go:351.34,353.4 1 0
github.com/Cheasezz/balanceSrvc/protos/gen/balanceSrvc.pb.go:354.3,354.12 1 0
github.com/Cheasezz/balanceSrvc/protos/gen/balanceSrvc.pb.go:356.2,356.24 1 0
github.com/Cheasezz/balanceSrvc/protos/gen/balanceSrvc.pb.go:360.53,362.2 1 0
github.com/Cheasezz/balanceSrvc/protos/gen/balanceSrvc.pb.go:364.47,365.14 1 0
github.com/Cheasezz/balanceSrvc/protos/gen/balanceSrvc.pb.go:365.14,367.3 1 0
github.com/Cheasezz/balanceSrvc/protos/gen/balanceSrvc.pb.go:368.2,368.11 1 0
github.com/Cheasezz/balanceSrvc/protos/gen/balanceSrvc.pb.go:371.50,372.14 1 0
github.com/Cheasezz/balanceSrvc/protos/gen/balanceSrvc.pb.go:372.14,374.3 1 0
github.com/Cheasezz/balanceSrvc/protos/gen/balanceSrvc.pb.go:375.2,375.11 1 0
github.com/Cheasezz/balanceSrvc/protos/gen/balanceSrvc.pb.go:378.55,379.14 1 0
github.com/Cheasezz/balanceSrvc/protos/gen/balanceSrvc.pb.go:379.14,381.3 1 0
github.com/Cheasezz/balanceSrvc/protos/gen/balanceSrvc.pb.go:382.2,382.42 1 0
github.com/Cheasezz/balanceSrvc/protos/gen/balanceSrvc.pb.go:385.45,386.14 1 0
github.com/Cheasezz/balanceSrvc/protos/gen/balanceSrvc.pb.go:386.14,388.3 1 0
github.com/Cheasezz/balanceSrvc/protos/gen/balanceSrvc.pb.go:389.2,389.10 1 0
github.com/Cheasezz/balanceSrvc/protos/gen/balanceSrvc.pb.go:398.35,403.2 4 0
github.com/Cheasezz/balanceSrvc/protos/gen/balanceSrvc.pb.go:405.43,407.2 1 0
github.com/Cheasezz/balanceSrvc/protos/gen/balanceSrvc.pb.go:409.41,409.42 0 0
github.com/Cheasezz/balanceSrvc/protos/gen/balanceSrvc.pb.go:411.63,413.14 2 0
github.com/Cheasezz/balanceSrvc/protos/gen/balanceSrvc.pb.go:413.14,415.34 2 0
github.com/Cheasezz/balanceSrvc/protos/gen/balanceSrvc.pb.go:415.34,417.4 1 0
github.com/Cheasezz/balanceSrvc/protos/gen/balanceSrvc.pb.go:418.3,418.12 1 0
github.com/Cheasezz/balanceSrvc/protos/gen/balanceSrvc.pb.go:420.2,420.24 1 0
github.com/Cheasezz/balanceSrvc/protos/gen/balanceSrvc.pb.go:424.54,426.2 1 0
github.com/Cheasezz/balanceSrvc/protos/gen/balanceSrvc.pb.go:435.34,440.2 4 0
github.com/Cheasezz/balanceSrvc/protos/gen/balanceSrvc.pb.go:442.42,444.2 1 0
github.com/Cheasezz/balanceSrvc/protos/gen/balanceSrvc.pb.go:446.40,446.41 0 0
github.com/Cheasezz/balanceSrvc/protos/gen/balanceSrvc.pb.go:448.62,450.14 2 0
github.com/Cheasezz/balanceSrvc/protos/gen/balanceSrvc.pb.go:450.14,452.34 2 0
github.com/Cheasezz/balanceSrvc/protos/gen/balanceSrvc.pb.go:452.34,454.4 1 0
github.com/Cheasezz/balanceSrvc/protos/gen/balanceSrvc.pb.go:455.3,455.12 1 0
github.com/Cheasezz/balanceSrvc/protos/gen/balanceSrvc.pb.go:457.2,457.24 1 0
github.com/Cheasezz/balanceSrvc/protos/gen/balanceSrvc.pb.go:461.53,463.2 1 0
github.com/Cheasezz/balanceSrvc/protos/gen/balanceSrvc.pb.go:465.45,466.14 1 0
github.com/Cheasezz/balanceSrvc/protos/gen/balanceSrvc.pb.go:466.14,468.3 1 0
github.com/Cheasezz/balanceSrvc/protos/gen/balanceSrvc.pb.go:469.2,469.11 1 0
github.com/Cheasezz/balanceSrvc/protos/gen/balanceSrvc.pb.go:479.35,484.2 4 0
github.com/Cheasezz/balanceSrvc/protos/gen/balanceSrvc.pb.go:486.43,488.2 1 0
github.com/Cheasezz/balanceSrvc/protos/gen/balanceSrvc.pb.go:490.41,490.42 0 0
github.com/Cheasezz/balanceSrvc/protos/gen/balanceSrvc.pb.go:492.63,494.14 2 0
github.com/Cheasezz/balanceSrvc/protos/gen/balanceSrvc.pb.go:494.14,496.34 2 0
github.com/Cheasezz/balanceSrvc/protos/gen/balanceSrvc.pb.go:496.34,498.4 1 0
github.com/Cheasezz/balanceSrvc/protos/gen/balanceSrvc.pb.go:499.3,499.12 1 0
github.com/Cheasezz/balanceSrvc/protos/gen/balanceSrvc.pb.go:501.2,501.24 1 0
github.com/Cheasezz/balanceSrvc/protos/gen/balanceSrvc.pb.go:505.54,507.2 1 0
github.com/Cheasezz/balanceSrvc/protos/gen/balanceSrvc.pb.go:509.46,510.14 1 0
github.com/Cheasezz/balanceSrvc/protos/gen/balanceSrvc.pb.go:510.14,512.3 1 0
github.com/Cheasezz/balanceSrvc/protos/gen/balanceSrvc.pb.go:513.2,513.10 1 0
github.com/Cheasezz/balanceSrvc/protos/gen/balanceSrvc.pb.go:562.50,563.47 1 0
github.com/Cheasezz/balanceSrvc/protos/gen/balanceSrvc.pb.go:563.47,565.3 1 0
github.com/Cheasezz/balanceSrvc/protos/gen/balanceSrvc.pb.go:566.2,566.43 1 0
github.com/Cheasezz/balanceSrvc/protos/gen/balanceSrvc.pb.go:602.13,602.46 1 0
github.com/Cheasezz/balanceSrvc/protos/gen/balanceSrvc.pb.go:603.36,604.35 1 0
github.com/Cheasezz/balanceSrvc/protos/gen/balanceSrvc.pb.go:604.35,606.3 1 0
github.com/Cheasezz/balanceSrvc/protos/gen/balanceSrvc.pb.go:607.2,624.38 5 0
github.com/Cheasezz/balanceSrvc/protos/gen/balanceSrvc_grpc.pb.go:42.66,44.2 1 0
github.com/Cheasezz/balanceSrvc/protos/gen/balanceSrvc_grpc.pb.go:46.143,50.16 4 0
github.com/Cheasezz/balanceSrvc/protos/gen/balanceSrvc_grpc.pb.go:50.16,52.3 1 0
github.com/Cheasezz/balanceSrvc/protos/gen/balanceSrvc_grpc.pb.go:53.2,53.17 1 0
github.com/Cheasezz/balanceSrvc/protos/gen/balanceSrvc_grpc.pb.go:56.147,60.16 4 0
github.com/Cheasezz/balanceSrvc/protos/gen/balanceSrvc_grpc.pb.go:60.16,62.3 1 0
github.com/Cheasezz/balanceSrvc/protos/gen/balanceSrvc_grpc.pb.go:63.2,63.17 1 0
github.com/Cheasezz/balanceSrvc/protos/gen/balanceSrvc_grpc.pb.go:66.133,70.16 4 0
github.com/Cheasezz/balanceSrvc/protos/gen/balanceSrvc_grpc.pb.go:70.16,72.3 1 0
github.com/Cheasezz/balanceSrvc/protos/gen/balanceSrvc_grpc.pb.go:73.2,73.17 1 0
github.com/Cheasezz/balanceSrvc/protos/gen/balanceSrvc_grpc.pb.go:76.129,80.16 4 0
github.com/Cheasezz/balanceSrvc/protos/gen/balanceSrvc_grpc.pb.go:80.16,82.3 1 0
github.com/Cheasezz/balanceSrvc/protos/gen/balanceSrvc_grpc.pb.go:83.2,83.17 1 0
github.com/Cheasezz/balanceSrvc/protos/gen/balanceSrvc_grpc.pb.go:104.121,106.2 1 0
github.com/Cheasezz/balanceSrvc/protos/gen/balanceSrvc_grpc.pb.go:107.125,109.2 1 0
github.com/Cheasezz/balanceSrvc/protos/gen/balanceSrvc_grpc.pb.go:110.111,112.2 1 0
github.com/Cheasezz/balanceSrvc/protos/gen/balanceSrvc_grpc.pb.go:113.107,115.2 1 0
github.com/Cheasezz/balanceSrvc/protos/gen/balanceSrvc_grpc.pb.go:116.74,116.75 0 0
github.com/Cheasezz/balanceSrvc/protos/gen/balanceSrvc_grpc.pb.go:117.74,117.75 0 0
github.com/Cheasezz/balanceSrvc/protos/gen/balanceSrvc_grpc.pb.go:126.72,131.59 1 0
github.com/Cheasezz/balanceSrvc/protos/gen/balanceSrvc_grpc.pb.go:131.59,133.3 1 0
github.com/Cheasezz/balanceSrvc/protos/gen/balanceSrvc_grpc.pb.go:134.2,134.46 1 0
github.com/Cheasezz/balanceSrvc/protos/gen/balanceSrvc_grpc.pb.go:137.172,139.32 2 0
github.com/Cheasezz/balanceSrvc/protos/gen/balanceSrvc_grpc.pb.go:139.32,141.3 1 0
github.com/Cheasezz/balanceSrvc/protos/gen/balanceSrvc_grpc.pb.go:142.2,142.24 1 0
github.com/Cheasezz/balanceSrvc/protos/gen/balanceSrvc_grpc.pb.go:142.24,144.3 1 0
github.com/Cheasezz/balanceSrvc/protos/gen/balanceSrvc_grpc.pb.go:145.2,149.77 2 0
github.com/Cheasezz/balanceSrvc/protos/gen/balanceSrvc_grpc.pb.go:149.77,151.3 1 0
github.com/Cheasezz/balanceSrvc/protos/gen/balanceSrvc_grpc.pb.go:152.2,152.44 1 0
github.com/Cheasezz/balanceSrvc/protos/gen/balanceSrvc_grpc.pb.go:155.174,157.32 2 0
github.com/Cheasezz/balanceSrvc/protos/gen/balanceSrvc_grpc.pb.go:157.32,159.3 1 0
github.com/Cheasezz/balanceSrvc/protos/gen/balanceSrvc_grpc.pb.go:160.2,160.24 1 0
github.com/Cheasezz/balanceSrvc/protos/gen/balanceSrvc_grpc.pb.go:160.24,162.3 1 0
github.com/Cheasezz/balanceSrvc/protos/gen/balanceSrvc_grpc.pb.go:163.2,167.77 2 0
github.com/Cheasezz/balanceSrvc/protos/gen/balanceSrvc_grpc.pb.go:167.77,169.3 1 0
github.com/Cheasezz/balanceSrvc/protos/gen/balanceSrvc_grpc.pb.go:170.2,170.44 1 0
github.com/Cheasezz/balanceSrvc/protos/gen/balanceSrvc_grpc.pb.go:173.168,175.32 2 0
github.com/Cheasezz/balanceSrvc/protos/gen/balanceSrvc_grpc.pb.go:175.32,177.3 1 0
github.com/Cheasezz/balanceSrvc/protos/gen/balanceSrvc_grpc.pb.go:178.2,178.24 1 0
github.com/Cheasezz/balanceSrvc/protos/gen/balanceSrvc_grpc.pb.go:178.24,180.3 1 0
github.com/Cheasezz/balanceSrvc/protos/gen/balanceSrvc_grpc.pb.go:181.2,185.77 2 0
github.com/Cheasezz/balanceSrvc/protos/gen/balanceSrvc_grpc.pb.go:185.77,187.3 1 0
github.com/Cheasezz/balanceSrvc/protos/gen/balanceSrvc_grpc.pb.go:188.2,188.44 1 0
github.com/Cheasezz/balanceSrvc/protos/gen/balanceSrvc_grpc.pb.go:191.164,193.32 2 0
github.com/Cheasezz/balanceSrvc/protos/gen/balanceSrvc_grpc.pb.go:193.32,195.3 1 0
github.com/Cheasezz/balanceSrvc/protos/gen/balanceSrvc_grpc.pb.go:196.2,196.24 1 0
github.com/Cheasezz/balanceSrvc/protos/gen/balanceSrvc_grpc.pb.go:196.24,198.3 1 0
github.com/Cheasezz/balanceSrvc/protos/gen/balanceSrvc_grpc.pb.go:199.2,203.77 2 0
github.com/Cheasezz/balanceSrvc/protos/gen/balanceSrvc_grpc.pb.go:203.77,205.3 1 0
github.com/Cheasezz/balanceSrvc/protos/gen/balanceSrvc_grpc.pb.go:206.2,206.44 1 0
github.com/Cheasezz/balanceSrvc/tests/suite/suite.go:25.35,34.19 6 0
github.com/Cheasezz/balanceSrvc/tests/suite/suite.go:34.19,37.3 2 0
github.com/Cheasezz/balanceSrvc/tests/suite/suite.go:39.2,44.16 2 0
github.com/Cheasezz/balanceSrvc/tests/suite/suite.go:44.16,46.3 1 0
github.com/Cheasezz/balanceSrvc/tests/suite/suite.go:48.2,52.3 1 0
